2025-08-25 08:55:04,585 - data_loading - INFO - Loading data from Data\customer_churn_dataset-training-master.csv
2025-08-25 08:55:04,925 - data_loading - DEBUG - Data loaded from Data\customer_churn_dataset-training-master.csv
2025-08-25 08:55:05,028 - data_loading - DEBUG - Data shuffled
2025-08-25 08:55:05,028 - data_loading - INFO - Data loaded successfully. Shape: (440833, 12)
2025-08-25 08:55:05,029 - data_loading - INFO - Loading data from Data\customer_churn_dataset-testing-master.csv
2025-08-25 08:55:05,095 - data_loading - DEBUG - Data loaded from Data\customer_churn_dataset-testing-master.csv
2025-08-25 08:55:05,108 - data_loading - DEBUG - Data shuffled
2025-08-25 08:55:05,109 - data_loading - INFO - Data loaded successfully. Shape: (64374, 12)
2025-08-25 08:55:05,318 - data_loading - DEBUG - Data concatenated and shuffled
2025-08-25 08:55:07,756 - data_loading - INFO - Data saved successfully. Full shape: (505207, 12)
2025-08-25 08:55:07,757 - data_loading - INFO - Full data saved to Data\full_data.csv
2025-08-25 08:55:21,565 - data_loading - INFO - Loading data from Data\customer_churn_dataset-training-master.csv
2025-08-25 08:55:21,566 - data_loading - ERROR - File not found: Data\customer_churn_dataset-training-master.csv
2025-08-25 08:55:21,566 - data_loading - ERROR - Error in main: [Errno 2] No such file or directory: 'Data\\customer_churn_dataset-training-master.csv'
2025-08-25 09:01:27,437 - data_loading - INFO - Loading data from Data\customer_churn_dataset-training-master.csv
2025-08-25 09:01:27,780 - data_loading - DEBUG - Data loaded from Data\customer_churn_dataset-training-master.csv
2025-08-25 09:01:27,881 - data_loading - DEBUG - Data shuffled
2025-08-25 09:01:27,882 - data_loading - INFO - Data loaded successfully. Shape: (440833, 12)
2025-08-25 09:01:27,882 - data_loading - INFO - Loading data from Data\customer_churn_dataset-testing-master.csv
2025-08-25 09:01:27,944 - data_loading - DEBUG - Data loaded from Data\customer_churn_dataset-testing-master.csv
2025-08-25 09:01:27,956 - data_loading - DEBUG - Data shuffled
2025-08-25 09:01:27,957 - data_loading - INFO - Data loaded successfully. Shape: (64374, 12)
2025-08-25 09:01:28,145 - data_loading - DEBUG - Data concatenated and shuffled
2025-08-25 09:01:30,455 - data_loading - INFO - Data saved successfully. Full shape: (505207, 12)
2025-08-25 09:01:30,456 - data_loading - INFO - Full data saved to Data\full_data\full_data.csv
